<?xml version="1.0" encoding="UTF-8"?>
<!-- Generated by org.testng.reporters.JUnitReportReporter -->
<testsuite hostname="SID-LAPPY" name="com.springernature.testcases.LoginToSpringer" tests="1" failures="0" timestamp="12 Aug 2019 13:22:24 GMT" time="20.400" errors="0">
  <testcase name="LoginApp" time="20.400" classname="com.springernature.testcases.LoginToSpringer"/>
</testsuite> <!-- com.springernature.testcases.LoginToSpringer -->
